<?xml version="1.0" encoding="UTF-8"?>
<testsuite name="SocialNetworkShould" tests="1" skipped="0" failures="0" errors="0" timestamp="2021-09-23T13:35:30" hostname="DESKTOP-L3DS2QF" time="0.718">
  <properties/>
  <testcase name="followCommandShouldRequestFollowRepository()" classname="SocialNetworkShould" time="0.718"/>
  <system-out><![CDATA[]]></system-out>
  <system-err><![CDATA[]]></system-err>
</testsuite>
